
The following have been reloaded with a version change:
  1) GCCcore/13.2.0 => GCCcore/12.3.0
  2) binutils/2.40-GCCcore-13.2.0 => binutils/2.40-GCCcore-12.3.0
  3) intel-compilers/2023.2.1 => intel-compilers/2023.1.0
  4) zlib/1.2.13-GCCcore-13.2.0 => zlib/1.2.13-GCCcore-12.3.0

icpc: remark #10441: The Intel(R) C++ Compiler Classic (ICC) is deprecated and will be removed from product release in the second half of 2023. The Intel(R) oneAPI DPC++/C++ Compiler (ICX) is the recommended compiler moving forward. Please transition to use this compiler. Use '-diag-disable=10441' to disable this message.
icpc: command line warning #10006: ignoring unknown option '-cc=icpc'
icpc: remark #10441: The Intel(R) C++ Compiler Classic (ICC) is deprecated and will be removed from product release in the second half of 2023. The Intel(R) oneAPI DPC++/C++ Compiler (ICX) is the recommended compiler moving forward. Please transition to use this compiler. Use '-diag-disable=10441' to disable this message.
icpc: command line warning #10006: ignoring unknown option '-cc=icpc'
icpc: remark #10441: The Intel(R) C++ Compiler Classic (ICC) is deprecated and will be removed from product release in the second half of 2023. The Intel(R) oneAPI DPC++/C++ Compiler (ICX) is the recommended compiler moving forward. Please transition to use this compiler. Use '-diag-disable=10441' to disable this message.
icpc: command line warning #10006: ignoring unknown option '-cc=icpc'
icpc: remark #10441: The Intel(R) C++ Compiler Classic (ICC) is deprecated and will be removed from product release in the second half of 2023. The Intel(R) oneAPI DPC++/C++ Compiler (ICX) is the recommended compiler moving forward. Please transition to use this compiler. Use '-diag-disable=10441' to disable this message.
icpc: command line warning #10006: ignoring unknown option '-cc=icpc'
ld: main.o: in function `main':
main.cpp:(.text+0x6b): undefined reference to `MPI_Init'
ld: main.cpp:(.text+0x7d): undefined reference to `MPI_Comm_rank'
ld: main.cpp:(.text+0x8f): undefined reference to `MPI_Comm_size'
ld: main.cpp:(.text+0xd7): undefined reference to `MPI_Finalize'
ld: main.cpp:(.text+0x7d1): undefined reference to `MPI_Gatherv'
ld: main.cpp:(.text+0x9ba): undefined reference to `MPI_Reduce'
ld: main.cpp:(.text+0x9e9): undefined reference to `MPI_Reduce'
ld: main.cpp:(.text+0xa18): undefined reference to `MPI_Reduce'
ld: main.cpp:(.text+0xb3f): undefined reference to `MPI_Finalize'
make: *** [Makefile:20: snowman_collapse] Error 1
[mpiexec@node064] match_arg (../../../../../src/pm/i_hydra/libhydra/arg/hydra_arg.c:91): unrecognized argument report-bindings
[mpiexec@node064] HYD_arg_parse_array (../../../../../src/pm/i_hydra/libhydra/arg/hydra_arg.c:128): argument matching returned error
[mpiexec@node064] mpiexec_get_parameters (../../../../../src/pm/i_hydra/mpiexec/mpiexec_params.c:1359): error parsing input array
[mpiexec@node064] main (../../../../../src/pm/i_hydra/mpiexec/mpiexec.c:1787): error parsing parameters

real	0m0.054s
user	0m0.007s
sys	0m0.027s
[mpiexec@node064] match_arg (../../../../../src/pm/i_hydra/libhydra/arg/hydra_arg.c:91): unrecognized argument report-bindings
[mpiexec@node064] HYD_arg_parse_array (../../../../../src/pm/i_hydra/libhydra/arg/hydra_arg.c:128): argument matching returned error
[mpiexec@node064] mpiexec_get_parameters (../../../../../src/pm/i_hydra/mpiexec/mpiexec_params.c:1359): error parsing input array
[mpiexec@node064] main (../../../../../src/pm/i_hydra/mpiexec/mpiexec.c:1787): error parsing parameters

real	0m0.035s
user	0m0.008s
sys	0m0.021s
[mpiexec@node064] match_arg (../../../../../src/pm/i_hydra/libhydra/arg/hydra_arg.c:91): unrecognized argument report-bindings
[mpiexec@node064] HYD_arg_parse_array (../../../../../src/pm/i_hydra/libhydra/arg/hydra_arg.c:128): argument matching returned error
[mpiexec@node064] mpiexec_get_parameters (../../../../../src/pm/i_hydra/mpiexec/mpiexec_params.c:1359): error parsing input array
[mpiexec@node064] main (../../../../../src/pm/i_hydra/mpiexec/mpiexec.c:1787): error parsing parameters

real	0m0.035s
user	0m0.009s
sys	0m0.018s
