
The following have been reloaded with a version change:
  1) GCCcore/13.2.0 => GCCcore/12.3.0
  2) binutils/2.40-GCCcore-13.2.0 => binutils/2.40-GCCcore-12.3.0
  3) intel-compilers/2023.2.1 => intel-compilers/2023.1.0
  4) zlib/1.2.13-GCCcore-13.2.0 => zlib/1.2.13-GCCcore-12.3.0

make: mpiicpx: No such file or directory
make: *** [Makefile:26: main.o] Error 127
[proxy:0:0@node162] HYD_spawn (../../../../../src/pm/i_hydra/libhydra/spawn/intel/hydra_spawn.c:151): execvp error on file ./snowman_collapse (No such file or directory)
srun: error: node162: task 0: Killed
srun: Terminating StepId=24041056.0
srun: Force Terminated StepId=24041056.0
[mpiexec@node162] wait_proxies_to_terminate (../../../../../src/pm/i_hydra/mpiexec/intel/i_mpiexec.c:554): downstream from host node162 exited with status 137
[mpiexec@node162] main (../../../../../src/pm/i_hydra/mpiexec/mpiexec.c:2169): assert (pg->intel.exitcodes != NULL) failed
[mpiexec@node162] HYD_sock_write (../../../../../src/pm/i_hydra/libhydra/sock/hydra_sock_intel.c:362): write error (Bad file descriptor)

real	0m0.168s
user	0m0.018s
sys	0m0.031s
[proxy:0:0@node162] HYD_spawn (../../../../../src/pm/i_hydra/libhydra/spawn/intel/hydra_spawn.c:151): execvp error on file ./snowman_no_collapse (No such file or directory)
[proxy:0:0@node162] HYD_spawn (../../../../../src/pm/i_hydra/libhydra/spawn/intel/hydra_spawn.c:151): execvp error on file ./snowman_no_collapse (No such file or directory)

real	0m0.143s
user	0m0.013s
sys	0m0.029s
[proxy:0:0@node162] HYD_spawn (../../../../../src/pm/i_hydra/libhydra/spawn/intel/hydra_spawn.c:151): execvp error on file ./snowman_collapse (No such file or directory)
[proxy:0:0@node162] HYD_spawn (../../../../../src/pm/i_hydra/libhydra/spawn/intel/hydra_spawn.c:151): execvp error on file ./snowman_collapse (No such file or directory)
[proxy:0:0@node162] HYD_spawn (../../../../../src/pm/i_hydra/libhydra/spawn/intel/hydra_spawn.c:151): execvp error on file ./snowman_collapse (No such file or directory)
[proxy:0:0@node162] HYD_spawn (../../../../../src/pm/i_hydra/libhydra/spawn/intel/hydra_spawn.c:151): execvp error on file ./snowman_collapse (No such file or directory)
[proxy:0:0@node162] HYD_spawn (../../../../../src/pm/i_hydra/libhydra/spawn/intel/hydra_spawn.c:151): execvp error on file ./snowman_collapse (No such file or directory)
[proxy:0:0@node162] HYD_spawn (../../../../../src/pm/i_hydra/libhydra/spawn/intel/hydra_spawn.c:151): execvp error on file ./snowman_collapse (No such file or directory)
[proxy:0:0@node162] HYD_spawn (../../../../../src/pm/i_hydra/libhydra/spawn/intel/hydra_spawn.c:151): execvp error on file ./snowman_collapse (No such file or directory)
[proxy:0:0@node162] HYD_spawn (../../../../../src/pm/i_hydra/libhydra/spawn/intel/hydra_spawn.c:151): execvp error on file ./snowman_collapse (No such file or directory)
[proxy:0:0@node162] HYD_spawn (../../../../../src/pm/i_hydra/libhydra/spawn/intel/hydra_spawn.c:151): execvp error on file ./snowman_collapse (No such file or directory)
[proxy:0:0@node162] HYD_spawn (../../../../../src/pm/i_hydra/libhydra/spawn/intel/hydra_spawn.c:151): execvp error on file ./snowman_collapse (No such file or directory)

real	0m0.150s
user	0m0.017s
sys	0m0.022s
[proxy:0:0@node162] HYD_spawn (../../../../../src/pm/i_hydra/libhydra/spawn/intel/hydra_spawn.c:151): execvp error on file ./snowman_no_collapse (No such file or directory)
[proxy:0:0@node162] HYD_spawn (../../../../../src/pm/i_hydra/libhydra/spawn/intel/hydra_spawn.c:151): execvp error on file ./snowman_no_collapse (No such file or directory)
[proxy:0:0@node162] HYD_spawn (../../../../../src/pm/i_hydra/libhydra/spawn/intel/hydra_spawn.c:151): execvp error on file ./snowman_no_collapse (No such file or directory)
[proxy:0:0@node162] HYD_spawn (../../../../../src/pm/i_hydra/libhydra/spawn/intel/hydra_spawn.c:151): execvp error on file ./snowman_no_collapse (No such file or directory)
[proxy:0:0@node162] HYD_spawn (../../../../../src/pm/i_hydra/libhydra/spawn/intel/hydra_spawn.c:151): execvp error on file ./snowman_no_collapse (No such file or directory)
[proxy:0:0@node162] HYD_spawn (../../../../../src/pm/i_hydra/libhydra/spawn/intel/hydra_spawn.c:151): execvp error on file ./snowman_no_collapse (No such file or directory)
[proxy:0:0@node162] HYD_spawn (../../../../../src/pm/i_hydra/libhydra/spawn/intel/hydra_spawn.c:151): execvp error on file ./snowman_no_collapse (No such file or directory)
[proxy:0:0@node162] HYD_spawn (../../../../../src/pm/i_hydra/libhydra/spawn/intel/hydra_spawn.c:151): execvp error on file ./snowman_no_collapse (No such file or directory)
[proxy:0:0@node162] HYD_spawn (../../../../../src/pm/i_hydra/libhydra/spawn/intel/hydra_spawn.c:151): execvp error on file ./snowman_no_collapse (No such file or directory)
[proxy:0:0@node162] HYD_spawn (../../../../../src/pm/i_hydra/libhydra/spawn/intel/hydra_spawn.c:151): execvp error on file ./snowman_no_collapse (No such file or directory)
[proxy:0:0@node162] HYD_spawn (../../../../../src/pm/i_hydra/libhydra/spawn/intel/hydra_spawn.c:151): execvp error on file ./snowman_no_collapse (No such file or directory)

real	0m0.130s
user	0m0.011s
sys	0m0.029s
[proxy:0:0@node162] HYD_spawn (../../../../../src/pm/i_hydra/libhydra/spawn/intel/hydra_spawn.c:151): execvp error on file ./snowman_collapse (No such file or directory)

real	0m0.130s
user	0m0.016s
sys	0m0.023s
[proxy:0:0@node162] HYD_spawn (../../../../../src/pm/i_hydra/libhydra/spawn/intel/hydra_spawn.c:151): execvp error on file ./snowman_no_collapse (No such file or directory)

real	0m0.129s
user	0m0.017s
sys	0m0.024s
