rm -f main.o raytracer.o scene.o main.no_collapse.o raytracer.no_collapse.o scene.no_collapse.o snowman_collapse snowman_no_collapse
mpiicpx -O3 -std=c++17 -qopenmp -xHost -c main.cpp -o main.o
mpiicpx -O3 -std=c++17 -qopenmp -xHost -c raytracer.cpp -o raytracer.o
mpiicpx -O3 -std=c++17 -qopenmp -xHost -c scene.cpp -o scene.o
mpiicpx -O3 -std=c++17 -qopenmp -xHost -o snowman_collapse main.o raytracer.o scene.o
mpiicpx -O3 -std=c++17 -qopenmp -xHost -DNO_COLLAPSE -c main.cpp -o main.no_collapse.o
mpiicpx -O3 -std=c++17 -qopenmp -xHost -DNO_COLLAPSE -c raytracer.cpp -o raytracer.no_collapse.o
mpiicpx -O3 -std=c++17 -qopenmp -xHost -DNO_COLLAPSE -c scene.cpp -o scene.no_collapse.o
mpiicpx -O3 -std=c++17 -qopenmp -xHost -o snowman_no_collapse main.no_collapse.o raytracer.no_collapse.o scene.no_collapse.o

Build completed.


==========================================
Test: 4 Processes × 3 Threads
==========================================
Running 4 Processes × 3 Threads (collapse)...
Image saved to output.ppm

--- Computational Performance Metrics ---
Image Size: 1024, Num Snowmen: 4, MPI Processes: 4
Max Local Computation Time (across all ranks): 66.1723 seconds
Min Local Computation Time (across all ranks): 53.3214 seconds
Avg Local Computation Time (across all ranks): 59.7166 seconds
Running 4 Processes × 3 Threads (no_collapse)...
