rm -f main.o raytracer.o scene.o main.no_collapse.o raytracer.no_collapse.o scene.no_collapse.o snowman_collapse snowman_no_collapse
mpic++ -O3 -std=c++17 -fopenmp -c main.cpp -o main.o
mpic++ -O3 -std=c++17 -fopenmp -c raytracer.cpp -o raytracer.o
mpic++ -O3 -std=c++17 -fopenmp -c scene.cpp -o scene.o
mpic++ -O3 -std=c++17 -fopenmp -o snowman_collapse main.o raytracer.o scene.o
mpic++ -O3 -std=c++17 -fopenmp -DNO_COLLAPSE -c main.cpp -o main.no_collapse.o
mpic++ -O3 -std=c++17 -fopenmp -DNO_COLLAPSE -c raytracer.cpp -o raytracer.no_collapse.o
mpic++ -O3 -std=c++17 -fopenmp -DNO_COLLAPSE -c scene.cpp -o scene.no_collapse.o
mpic++ -O3 -std=c++17 -fopenmp -o snowman_no_collapse main.no_collapse.o raytracer.no_collapse.o scene.no_collapse.o

Build completed.

TEST 1: Fixed 8 Processes, Varying Threads
==========================================
Running 8 Processes × 2 Threads (collapse)...
Waiting for licence
Image saved to output.ppm

--- Computational Performance Metrics ---
Image Size: 1024, Num Snowmen: 4, MPI Processes: 8
Max Local Computation Time (across all ranks): 50.3869 seconds
Min Local Computation Time (across all ranks): 40.5276 seconds
Avg Local Computation Time (across all ranks): 44.1485 seconds
Running 8 Processes × 2 Threads (no_collapse)...
Waiting for licence
Image saved to output.ppm

--- Computational Performance Metrics ---
Image Size: 1024, Num Snowmen: 4, MPI Processes: 8
Max Local Computation Time (across all ranks): 50.3993 seconds
Min Local Computation Time (across all ranks): 40.5424 seconds
Avg Local Computation Time (across all ranks): 44.1613 seconds
Running 8 Processes × 4 Threads (collapse)...
Waiting for licence
Image saved to output.ppm

--- Computational Performance Metrics ---
Image Size: 1024, Num Snowmen: 4, MPI Processes: 8
Max Local Computation Time (across all ranks): 25.2527 seconds
Min Local Computation Time (across all ranks): 20.3587 seconds
Avg Local Computation Time (across all ranks): 22.3133 seconds
Running 8 Processes × 4 Threads (no_collapse)...
Waiting for licence
Image saved to output.ppm

--- Computational Performance Metrics ---
Image Size: 1024, Num Snowmen: 4, MPI Processes: 8
Max Local Computation Time (across all ranks): 25.2699 seconds
Min Local Computation Time (across all ranks): 20.3974 seconds
Avg Local Computation Time (across all ranks): 22.3278 seconds
Running 8 Processes × 6 Threads (collapse)...
Waiting for licence
Image saved to output.ppm

--- Computational Performance Metrics ---
Image Size: 1024, Num Snowmen: 4, MPI Processes: 8
Max Local Computation Time (across all ranks): 17.3793 seconds
Min Local Computation Time (across all ranks): 14.1342 seconds
Avg Local Computation Time (across all ranks): 15.4678 seconds
Running 8 Processes × 6 Threads (no_collapse)...
Waiting for licence
Image saved to output.ppm

--- Computational Performance Metrics ---
Image Size: 1024, Num Snowmen: 4, MPI Processes: 8
Max Local Computation Time (across all ranks): 17.6722 seconds
Min Local Computation Time (across all ranks): 14.4546 seconds
Avg Local Computation Time (across all ranks): 15.7904 seconds
Running 8 Processes × 8 Threads (collapse)...
Waiting for licence
Image saved to output.ppm

--- Computational Performance Metrics ---
Image Size: 1024, Num Snowmen: 4, MPI Processes: 8
Max Local Computation Time (across all ranks): 13.0306 seconds
Min Local Computation Time (across all ranks): 10.5868 seconds
Avg Local Computation Time (across all ranks): 11.5219 seconds
Running 8 Processes × 8 Threads (no_collapse)...
Waiting for licence
Image saved to output.ppm

--- Computational Performance Metrics ---
Image Size: 1024, Num Snowmen: 4, MPI Processes: 8
Max Local Computation Time (across all ranks): 13.057 seconds
Min Local Computation Time (across all ranks): 10.6344 seconds
Avg Local Computation Time (across all ranks): 11.5465 seconds
Running 8 Processes × 12 Threads (collapse)...
Waiting for licence
Image saved to output.ppm

--- Computational Performance Metrics ---
Image Size: 1024, Num Snowmen: 4, MPI Processes: 8
Max Local Computation Time (across all ranks): 8.44411 seconds
Min Local Computation Time (across all ranks): 7.03414 seconds
Avg Local Computation Time (across all ranks): 7.6077 seconds
Running 8 Processes × 12 Threads (no_collapse)...
Waiting for licence
Image saved to output.ppm

--- Computational Performance Metrics ---
Image Size: 1024, Num Snowmen: 4, MPI Processes: 8
Max Local Computation Time (across all ranks): 8.71038 seconds
Min Local Computation Time (across all ranks): 7.18182 seconds
Avg Local Computation Time (across all ranks): 7.77435 seconds

TEST 2: Fixed 12 Threads, Varying Processes
==========================================
Running 2 Processes × 8 Threads (collapse)...
Waiting for licence
Image saved to output.ppm

--- Computational Performance Metrics ---
Image Size: 1024, Num Snowmen: 4, MPI Processes: 2
Max Local Computation Time (across all ranks): 50.3361 seconds
Min Local Computation Time (across all ranks): 42.0523 seconds
Avg Local Computation Time (across all ranks): 46.1942 seconds
Running 2 Processes × 8 Threads (no_collapse)...
Waiting for licence
Image saved to output.ppm

--- Computational Performance Metrics ---
Image Size: 1024, Num Snowmen: 4, MPI Processes: 2
Max Local Computation Time (across all ranks): 50.358 seconds
Min Local Computation Time (across all ranks): 42.0573 seconds
Avg Local Computation Time (across all ranks): 46.2076 seconds
Running 4 Processes × 8 Threads (collapse)...
Waiting for licence
Image saved to output.ppm

--- Computational Performance Metrics ---
Image Size: 1024, Num Snowmen: 4, MPI Processes: 4
Max Local Computation Time (across all ranks): 25.288 seconds
Min Local Computation Time (across all ranks): 20.5228 seconds
Avg Local Computation Time (across all ranks): 22.9502 seconds
Running 4 Processes × 8 Threads (no_collapse)...
Waiting for licence
Image saved to output.ppm

--- Computational Performance Metrics ---
Image Size: 1024, Num Snowmen: 4, MPI Processes: 4
Max Local Computation Time (across all ranks): 25.2907 seconds
Min Local Computation Time (across all ranks): 20.5424 seconds
Avg Local Computation Time (across all ranks): 22.9496 seconds
Running 6 Processes × 8 Threads (collapse)...
Waiting for licence
Image saved to output.ppm

--- Computational Performance Metrics ---
Image Size: 1024, Num Snowmen: 4, MPI Processes: 6
Max Local Computation Time (across all ranks): 17.3155 seconds
Min Local Computation Time (across all ranks): 14.0062 seconds
Avg Local Computation Time (across all ranks): 15.6274 seconds
Running 6 Processes × 8 Threads (no_collapse)...
Waiting for licence
Image saved to output.ppm

--- Computational Performance Metrics ---
Image Size: 1024, Num Snowmen: 4, MPI Processes: 6
Max Local Computation Time (across all ranks): 17.8435 seconds
Min Local Computation Time (across all ranks): 14.3749 seconds
Avg Local Computation Time (across all ranks): 15.8844 seconds
Running 8 Processes × 8 Threads (collapse)...
Waiting for licence
Image saved to output.ppm

--- Computational Performance Metrics ---
Image Size: 1024, Num Snowmen: 4, MPI Processes: 8
Max Local Computation Time (across all ranks): 13.0366 seconds
Min Local Computation Time (across all ranks): 10.5935 seconds
Avg Local Computation Time (across all ranks): 11.523 seconds
Running 8 Processes × 8 Threads (no_collapse)...
Waiting for licence
Image saved to output.ppm

--- Computational Performance Metrics ---
Image Size: 1024, Num Snowmen: 4, MPI Processes: 8
Max Local Computation Time (across all ranks): 13.0762 seconds
Min Local Computation Time (across all ranks): 10.6457 seconds
Avg Local Computation Time (across all ranks): 11.5571 seconds
Running 12 Processes × 8 Threads (collapse)...
Waiting for licence
Image saved to output.ppm

--- Computational Performance Metrics ---
Image Size: 1024, Num Snowmen: 4, MPI Processes: 12
Max Local Computation Time (across all ranks): 8.3798 seconds
Min Local Computation Time (across all ranks): 6.96154 seconds
Avg Local Computation Time (across all ranks): 7.52935 seconds
Running 12 Processes × 8 Threads (no_collapse)...
Waiting for licence
Image saved to output.ppm

--- Computational Performance Metrics ---
Image Size: 1024, Num Snowmen: 4, MPI Processes: 12
Max Local Computation Time (across all ranks): 8.73898 seconds
Min Local Computation Time (across all ranks): 7.16339 seconds
Avg Local Computation Time (across all ranks): 7.75111 seconds

All hybrid scaling tests completed.
Performance reports have been generated.
