trm -f main.o raytracer.o scene.o snowman
mpiicpx -O3 -std=c++17 -qopenmp -xHost -c main.cpp -o main.o
mpiicpx -O3 -std=c++17 -qopenmp -xHost -c raytracer.cpp -o raytracer.o
mpiicpx -O3 -std=c++17 -qopenmp -xHost -c scene.cpp -o scene.o
mpiicpx -O3 -std=c++17 -qopenmp -xHost -o snowman main.o raytracer.o scene.o

Build completed.

==========================================
Hybrid Scaling: Fixed Threads - Varying Processes
==========================================
Testing tile sizes: 64, 128

Configuration 1: 12 Fixed Threads, Scaling Processes
  Processes: 4, 6, 8 (scaling to 96 cores)

Configuration 2: 8 Fixed Threads, Scaling Processes
  Processes: 4, 8, 12 (scaling to 96 cores)


======================================================================
TILE SIZE: 64x64
======================================================================

=== 12 Fixed Threads, Scaling Processes (Tile 64x64) ===

==========================================
Configuration: 4 Processes × 12 Threads (Total: 48 cores)
==========================================
Running 4 Processes × 12 Threads...
[0] MPI startup(): Intel(R) MPI Library, Version 2021.10  Build 20230619 (id: c2e19c2f3e)
[0] MPI startup(): Copyright (C) 2003-2023 Intel Corporation.  All rights reserved.
[0] MPI startup(): library kind: release
[0] MPI startup(): libfabric version: 1.18.0-impi
[0] MPI startup(): libfabric provider: mlx
[0] MPI startup(): File "/opt/software/easybuild-INTEL/software/impi/2021.10.0-intel-compilers-2023.2.1/mpi/2021.10.0/etc/tuning_spr_shm-ofi_mlx_200.dat" not found
[0] MPI startup(): Load tuning file: "/opt/software/easybuild-INTEL/software/impi/2021.10.0-intel-compilers-2023.2.1/mpi/2021.10.0/etc/tuning_spr_shm-ofi.dat"
[0] MPI startup(): Rank    Pid      Node name  Pin cpu
[0] MPI startup(): 0       2923371  node184    {36,37,38,39,40,41,42,43,44,45,46,47}
[0] MPI startup(): 1       2923372  node184    {0,1,2,3,4,5,6,7,8,9,10,11}
[0] MPI startup(): 2       2923373  node184    {12,13,14,15,16,17,18,19,20,21,22,23}
[0] MPI startup(): 3       2923374  node184    {24,25,26,27,28,29,30,31,32,33,34,35}
[0] MPI startup(): I_MPI_ROOT=/opt/software/easybuild-INTEL/software/impi/2021.10.0-intel-compilers-2023.2.1/mpi/2021.10.0
[0] MPI startup(): I_MPI_MPIRUN=mpirun
[0] MPI startup(): I_MPI_BIND_WIN_ALLOCATE=localalloc
[0] MPI startup(): I_MPI_HYDRA_BOOTSTRAP_EXEC_EXTRA_ARGS=--external-launcher
[0] MPI startup(): I_MPI_HYDRA_TOPOLIB=hwloc
[0] MPI startup(): I_MPI_HYDRA_BOOTSTRAP=slurm
[0] MPI startup(): I_MPI_RETURN_WIN_MEM_NUMA=3
[0] MPI startup(): I_MPI_PIN=on
[0] MPI startup(): I_MPI_PIN_CELL=unit
[0] MPI startup(): I_MPI_PIN_RESPECT_CPUSET=on
[0] MPI startup(): I_MPI_PIN_RESPECT_HCA=on
[0] MPI startup(): I_MPI_PIN_DOMAIN=omp
[0] MPI startup(): I_MPI_PIN_ORDER=compact
[0] MPI startup(): I_MPI_INTERNAL_MEM_POLICY=default
[0] MPI startup(): I_MPI_DEBUG=5
Master: Image saved to output.ppm

--- Computational Performance Metrics ---
Image Size: 1024, Num Snowmen: 4, MPI Processes: 4
Max Local Computation Time (across all ranks): 21.8239 seconds
Min Local Computation Time (across all ranks): 0 seconds
Avg Local Computation Time (across all ranks): 16.2651 seconds

--- Per-Rank Computation Time ---
Rank 0: 0 seconds
Rank 1: 21.5987 seconds
Rank 2: 21.8239 seconds
Rank 3: 21.6376 seconds


==========================================
Configuration: 6 Processes × 12 Threads (Total: 72 cores)
==========================================
Running 6 Processes × 12 Threads...
[0] MPI startup(): Intel(R) MPI Library, Version 2021.10  Build 20230619 (id: c2e19c2f3e)
[0] MPI startup(): Copyright (C) 2003-2023 Intel Corporation.  All rights reserved.
[0] MPI startup(): library kind: release
[0] MPI startup(): libfabric version: 1.18.0-impi
[0] MPI startup(): libfabric provider: mlx
[0] MPI startup(): File "/opt/software/easybuild-INTEL/software/impi/2021.10.0-intel-compilers-2023.2.1/mpi/2021.10.0/etc/tuning_spr_shm-ofi_mlx_200.dat" not found
[0] MPI startup(): Load tuning file: "/opt/software/easybuild-INTEL/software/impi/2021.10.0-intel-compilers-2023.2.1/mpi/2021.10.0/etc/tuning_spr_shm-ofi.dat"
[0] MPI startup(): Rank    Pid      Node name  Pin cpu
[0] MPI startup(): 0       2923664  node184    {36,37,38,39,40,41,42,43,44,45,46,47}
[0] MPI startup(): 1       2923665  node184    {0,1,2,3,4,5,6,7,8,9,10,11}
[0] MPI startup(): 2       2923666  node184    {12,13,14,15,16,17,18,19,20,21,22,23}
[0] MPI startup(): 3       2923667  node184    {24,25,26,27,28,29,30,31,32,33,34,35}
[0] MPI startup(): 4       2923668  node184    {48,49,50,51,52,53,54,55,56,57,58,59}
[0] MPI startup(): 5       2923669  node184    {60,61,62,63,64,65,66,67,68,69,70,71}
[0] MPI startup(): I_MPI_ROOT=/opt/software/easybuild-INTEL/software/impi/2021.10.0-intel-compilers-2023.2.1/mpi/2021.10.0
[0] MPI startup(): I_MPI_MPIRUN=mpirun
[0] MPI startup(): I_MPI_BIND_WIN_ALLOCATE=localalloc
[0] MPI startup(): I_MPI_HYDRA_BOOTSTRAP_EXEC_EXTRA_ARGS=--external-launcher
[0] MPI startup(): I_MPI_HYDRA_TOPOLIB=hwloc
[0] MPI startup(): I_MPI_HYDRA_BOOTSTRAP=slurm
[0] MPI startup(): I_MPI_RETURN_WIN_MEM_NUMA=3
[0] MPI startup(): I_MPI_PIN=on
[0] MPI startup(): I_MPI_PIN_CELL=unit
[0] MPI startup(): I_MPI_PIN_RESPECT_CPUSET=on
[0] MPI startup(): I_MPI_PIN_RESPECT_HCA=on
[0] MPI startup(): I_MPI_PIN_DOMAIN=omp
[0] MPI startup(): I_MPI_PIN_ORDER=compact
[0] MPI startup(): I_MPI_INTERNAL_MEM_POLICY=default
[0] MPI startup(): I_MPI_DEBUG=5
Master: Image saved to output.ppm

--- Computational Performance Metrics ---
Image Size: 1024, Num Snowmen: 4, MPI Processes: 6
Max Local Computation Time (across all ranks): 13.207 seconds
Min Local Computation Time (across all ranks): 0 seconds
Avg Local Computation Time (across all ranks): 10.8555 seconds

--- Per-Rank Computation Time ---
Rank 0: 0 seconds
Rank 1: 13.207 seconds
Rank 2: 12.9756 seconds
Rank 3: 12.9917 seconds
Rank 4: 12.984 seconds
Rank 5: 12.975 seconds


==========================================
Configuration: 8 Processes × 12 Threads (Total: 96 cores)
==========================================
Running 8 Processes × 12 Threads...
[0] MPI startup(): Intel(R) MPI Library, Version 2021.10  Build 20230619 (id: c2e19c2f3e)
[0] MPI startup(): Copyright (C) 2003-2023 Intel Corporation.  All rights reserved.
[0] MPI startup(): library kind: release
[0] MPI startup(): libfabric version: 1.18.0-impi
[0] MPI startup(): libfabric provider: mlx
[0] MPI startup(): File "/opt/software/easybuild-INTEL/software/impi/2021.10.0-intel-compilers-2023.2.1/mpi/2021.10.0/etc/tuning_spr_shm-ofi_mlx_200.dat" not found
[0] MPI startup(): Load tuning file: "/opt/software/easybuild-INTEL/software/impi/2021.10.0-intel-compilers-2023.2.1/mpi/2021.10.0/etc/tuning_spr_shm-ofi.dat"
[0] MPI startup(): Rank    Pid      Node name  Pin cpu
[0] MPI startup(): 0       2923953  node184    {36,37,38,39,40,41,42,43,44,45,46,47}
[0] MPI startup(): 1       2923954  node184    {0,1,2,3,4,5,6,7,8,9,10,11}
[0] MPI startup(): 2       2923955  node184    {12,13,14,15,16,17,18,19,20,21,22,23}
[0] MPI startup(): 3       2923956  node184    {24,25,26,27,28,29,30,31,32,33,34,35}
[0] MPI startup(): 4       2923957  node184    {48,49,50,51,52,53,54,55,56,57,58,59}
[0] MPI startup(): 5       2923958  node184    {60,61,62,63,64,65,66,67,68,69,70,71}
[0] MPI startup(): 6       2923959  node184    {72,73,74,75,76,77,78,79,80,81,82,83}
[0] MPI startup(): 7       2923960  node184    {84,85,86,87,88,89,90,91,92,93,94,95}
[0] MPI startup(): I_MPI_ROOT=/opt/software/easybuild-INTEL/software/impi/2021.10.0-intel-compilers-2023.2.1/mpi/2021.10.0
[0] MPI startup(): I_MPI_MPIRUN=mpirun
[0] MPI startup(): I_MPI_BIND_WIN_ALLOCATE=localalloc
[0] MPI startup(): I_MPI_HYDRA_BOOTSTRAP_EXEC_EXTRA_ARGS=--external-launcher
[0] MPI startup(): I_MPI_HYDRA_TOPOLIB=hwloc
[0] MPI startup(): I_MPI_HYDRA_BOOTSTRAP=slurm
[0] MPI startup(): I_MPI_RETURN_WIN_MEM_NUMA=3
[0] MPI startup(): I_MPI_PIN=on
[0] MPI startup(): I_MPI_PIN_CELL=unit
[0] MPI startup(): I_MPI_PIN_RESPECT_CPUSET=on
[0] MPI startup(): I_MPI_PIN_RESPECT_HCA=on
[0] MPI startup(): I_MPI_PIN_DOMAIN=omp
[0] MPI startup(): I_MPI_PIN_ORDER=compact
[0] MPI startup(): I_MPI_INTERNAL_MEM_POLICY=default
[0] MPI startup(): I_MPI_DEBUG=5
Master: Image saved to output.ppm

--- Computational Performance Metrics ---
Image Size: 1024, Num Snowmen: 4, MPI Processes: 8
Max Local Computation Time (across all ranks): 9.63976 seconds
Min Local Computation Time (across all ranks): 0 seconds
Avg Local Computation Time (across all ranks): 8.27875 seconds

--- Per-Rank Computation Time ---
Rank 0: 0 seconds
Rank 1: 9.41506 seconds
Rank 2: 9.63976 seconds
Rank 3: 9.42871 seconds
Rank 4: 9.4302 seconds
Rank 5: 9.45575 seconds
Rank 6: 9.43549 seconds
Rank 7: 9.42506 seconds


=== 8 Fixed Threads, Scaling Processes (Tile 64x64) ===

==========================================
Configuration: 4 Processes × 8 Threads (Total: 32 cores)
==========================================
Running 4 Processes × 8 Threads...
[0] MPI startup(): Intel(R) MPI Library, Version 2021.10  Build 20230619 (id: c2e19c2f3e)
[0] MPI startup(): Copyright (C) 2003-2023 Intel Corporation.  All rights reserved.
[0] MPI startup(): library kind: release
[0] MPI startup(): libfabric version: 1.18.0-impi
[0] MPI startup(): libfabric provider: mlx
[0] MPI startup(): File "/opt/software/easybuild-INTEL/software/impi/2021.10.0-intel-compilers-2023.2.1/mpi/2021.10.0/etc/tuning_spr_shm-ofi_mlx_200.dat" not found
[0] MPI startup(): Load tuning file: "/opt/software/easybuild-INTEL/software/impi/2021.10.0-intel-compilers-2023.2.1/mpi/2021.10.0/etc/tuning_spr_shm-ofi.dat"
[0] MPI startup(): Rank    Pid      Node name  Pin cpu
[0] MPI startup(): 0       2924278  node184    {36,37,38,39,40,41,42,43}
[0] MPI startup(): 1       2924279  node184    {0,1,2,3,44,45,46,47}
[0] MPI startup(): 2       2924280  node184    {4,5,6,7,8,9,10,11}
[0] MPI startup(): 3       2924281  node184    {12,13,14,15,16,17,18,19}
[0] MPI startup(): I_MPI_ROOT=/opt/software/easybuild-INTEL/software/impi/2021.10.0-intel-compilers-2023.2.1/mpi/2021.10.0
[0] MPI startup(): I_MPI_MPIRUN=mpirun
[0] MPI startup(): I_MPI_BIND_WIN_ALLOCATE=localalloc
[0] MPI startup(): I_MPI_HYDRA_BOOTSTRAP_EXEC_EXTRA_ARGS=--external-launcher
[0] MPI startup(): I_MPI_HYDRA_TOPOLIB=hwloc
[0] MPI startup(): I_MPI_HYDRA_BOOTSTRAP=slurm
[0] MPI startup(): I_MPI_RETURN_WIN_MEM_NUMA=3
[0] MPI startup(): I_MPI_PIN=on
[0] MPI startup(): I_MPI_PIN_CELL=unit
[0] MPI startup(): I_MPI_PIN_RESPECT_CPUSET=on
[0] MPI startup(): I_MPI_PIN_RESPECT_HCA=on
[0] MPI startup(): I_MPI_PIN_DOMAIN=omp
[0] MPI startup(): I_MPI_PIN_ORDER=compact
[0] MPI startup(): I_MPI_INTERNAL_MEM_POLICY=default
[0] MPI startup(): I_MPI_DEBUG=5
Master: Image saved to output.ppm

--- Computational Performance Metrics ---
Image Size: 1024, Num Snowmen: 4, MPI Processes: 4
Max Local Computation Time (across all ranks): 29.1479 seconds
Min Local Computation Time (across all ranks): 0 seconds
Avg Local Computation Time (across all ranks): 21.7112 seconds

--- Per-Rank Computation Time ---
Rank 0: 0 seconds
Rank 1: 29.1479 seconds
Rank 2: 28.8478 seconds
Rank 3: 28.8492 seconds


==========================================
Configuration: 8 Processes × 8 Threads (Total: 64 cores)
==========================================
Running 8 Processes × 8 Threads...
[0] MPI startup(): Intel(R) MPI Library, Version 2021.10  Build 20230619 (id: c2e19c2f3e)
[0] MPI startup(): Copyright (C) 2003-2023 Intel Corporation.  All rights reserved.
[0] MPI startup(): library kind: release
[0] MPI startup(): libfabric version: 1.18.0-impi
[0] MPI startup(): libfabric provider: mlx
[0] MPI startup(): File "/opt/software/easybuild-INTEL/software/impi/2021.10.0-intel-compilers-2023.2.1/mpi/2021.10.0/etc/tuning_spr_shm-ofi_mlx_200.dat" not found
[0] MPI startup(): Load tuning file: "/opt/software/easybuild-INTEL/software/impi/2021.10.0-intel-compilers-2023.2.1/mpi/2021.10.0/etc/tuning_spr_shm-ofi.dat"
[0] MPI startup(): Rank    Pid      Node name  Pin cpu
[0] MPI startup(): 0       2924561  node184    {36,37,38,39,40,41,42,43}
[0] MPI startup(): 1       2924562  node184    {0,1,2,3,44,45,46,47}
[0] MPI startup(): 2       2924563  node184    {4,5,6,7,8,9,10,11}
[0] MPI startup(): 3       2924564  node184    {12,13,14,15,16,17,18,19}
[0] MPI startup(): 4       2924565  node184    {20,21,22,23,24,25,26,27}
[0] MPI startup(): 5       2924566  node184    {28,29,30,31,32,33,34,35}
[0] MPI startup(): 6       2924567  node184    {48,49,50,51,52,53,54,55}
[0] MPI startup(): 7       2924568  node184    {56,57,58,59,60,61,62,63}
[0] MPI startup(): I_MPI_ROOT=/opt/software/easybuild-INTEL/software/impi/2021.10.0-intel-compilers-2023.2.1/mpi/2021.10.0
[0] MPI startup(): I_MPI_MPIRUN=mpirun
[0] MPI startup(): I_MPI_BIND_WIN_ALLOCATE=localalloc
[0] MPI startup(): I_MPI_HYDRA_BOOTSTRAP_EXEC_EXTRA_ARGS=--external-launcher
[0] MPI startup(): I_MPI_HYDRA_TOPOLIB=hwloc
[0] MPI startup(): I_MPI_HYDRA_BOOTSTRAP=slurm
[0] MPI startup(): I_MPI_RETURN_WIN_MEM_NUMA=3
[0] MPI startup(): I_MPI_PIN=on
[0] MPI startup(): I_MPI_PIN_CELL=unit
[0] MPI startup(): I_MPI_PIN_RESPECT_CPUSET=on
[0] MPI startup(): I_MPI_PIN_RESPECT_HCA=on
[0] MPI startup(): I_MPI_PIN_DOMAIN=omp
[0] MPI startup(): I_MPI_PIN_ORDER=compact
[0] MPI startup(): I_MPI_INTERNAL_MEM_POLICY=default
[0] MPI startup(): I_MPI_DEBUG=5
Master: Image saved to output.ppm

--- Computational Performance Metrics ---
Image Size: 1024, Num Snowmen: 4, MPI Processes: 8
Max Local Computation Time (across all ranks): 12.5958 seconds
Min Local Computation Time (across all ranks): 0 seconds
Avg Local Computation Time (across all ranks): 10.9095 seconds

--- Per-Rank Computation Time ---
Rank 0: 0 seconds
Rank 1: 12.5905 seconds
Rank 2: 12.5795 seconds
Rank 3: 12.2959 seconds
Rank 4: 12.316 seconds
Rank 5: 12.3069 seconds
Rank 6: 12.5915 seconds
Rank 7: 12.5958 seconds


==========================================
Configuration: 12 Processes × 8 Threads (Total: 96 cores)
==========================================
Running 12 Processes × 8 Threads...
[0] MPI startup(): Intel(R) MPI Library, Version 2021.10  Build 20230619 (id: c2e19c2f3e)
[0] MPI startup(): Copyright (C) 2003-2023 Intel Corporation.  All rights reserved.
[0] MPI startup(): library kind: release
[0] MPI startup(): libfabric version: 1.18.0-impi
[0] MPI startup(): libfabric provider: mlx
[0] MPI startup(): File "/opt/software/easybuild-INTEL/software/impi/2021.10.0-intel-compilers-2023.2.1/mpi/2021.10.0/etc/tuning_spr_shm-ofi_mlx_200.dat" not found
[0] MPI startup(): Load tuning file: "/opt/software/easybuild-INTEL/software/impi/2021.10.0-intel-compilers-2023.2.1/mpi/2021.10.0/etc/tuning_spr_shm-ofi.dat"
[0] MPI startup(): Rank    Pid      Node name  Pin cpu
[0] MPI startup(): 0       2924853  node184    {36,37,38,39,40,41,42,43}
[0] MPI startup(): 1       2924854  node184    {0,1,2,3,44,45,46,47}
[0] MPI startup(): 2       2924855  node184    {4,5,6,7,8,9,10,11}
[0] MPI startup(): 3       2924856  node184    {12,13,14,15,16,17,18,19}
[0] MPI startup(): 4       2924857  node184    {20,21,22,23,24,25,26,27}
[0] MPI startup(): 5       2924858  node184    {28,29,30,31,32,33,34,35}
[0] MPI startup(): 6       2924859  node184    {48,49,50,51,52,53,54,55}
[0] MPI startup(): 7       2924860  node184    {56,57,58,59,60,61,62,63}
[0] MPI startup(): 8       2924861  node184    {64,65,66,67,68,69,70,71}
[0] MPI startup(): 9       2924862  node184    {72,73,74,75,76,77,78,79}
[0] MPI startup(): 10      2924863  node184    {80,81,82,83,84,85,86,87}
[0] MPI startup(): 11      2924864  node184    {88,89,90,91,92,93,94,95}
[0] MPI startup(): I_MPI_ROOT=/opt/software/easybuild-INTEL/software/impi/2021.10.0-intel-compilers-2023.2.1/mpi/2021.10.0
[0] MPI startup(): I_MPI_MPIRUN=mpirun
[0] MPI startup(): I_MPI_BIND_WIN_ALLOCATE=localalloc
[0] MPI startup(): I_MPI_HYDRA_BOOTSTRAP_EXEC_EXTRA_ARGS=--external-launcher
[0] MPI startup(): I_MPI_HYDRA_TOPOLIB=hwloc
[0] MPI startup(): I_MPI_HYDRA_BOOTSTRAP=slurm
[0] MPI startup(): I_MPI_RETURN_WIN_MEM_NUMA=3
[0] MPI startup(): I_MPI_PIN=on
[0] MPI startup(): I_MPI_PIN_CELL=unit
[0] MPI startup(): I_MPI_PIN_RESPECT_CPUSET=on
[0] MPI startup(): I_MPI_PIN_RESPECT_HCA=on
[0] MPI startup(): I_MPI_PIN_DOMAIN=omp
[0] MPI startup(): I_MPI_PIN_ORDER=compact
[0] MPI startup(): I_MPI_INTERNAL_MEM_POLICY=default
[0] MPI startup(): I_MPI_DEBUG=5
Master: Image saved to output.ppm

--- Computational Performance Metrics ---
Image Size: 1024, Num Snowmen: 4, MPI Processes: 12
Max Local Computation Time (across all ranks): 8.16068 seconds
Min Local Computation Time (across all ranks): 0 seconds
Avg Local Computation Time (across all ranks): 7.39366 seconds

--- Per-Rank Computation Time ---
Rank 0: 0 seconds
Rank 1: 8.14862 seconds
Rank 2: 8.11367 seconds
Rank 3: 8.16068 seconds
Rank 4: 7.85507 seconds
Rank 5: 7.85192 seconds
Rank 6: 8.09822 seconds
Rank 7: 8.08766 seconds
Rank 8: 8.11964 seconds
Rank 9: 8.08329 seconds
Rank 10: 8.11614 seconds
Rank 11: 8.08908 seconds


======================================================================
TILE SIZE: 128x128
======================================================================

=== 12 Fixed Threads, Scaling Processes (Tile 128x128) ===

==========================================
Configuration: 4 Processes × 12 Threads (Total: 48 cores)
==========================================
Running 4 Processes × 12 Threads...
[0] MPI startup(): Intel(R) MPI Library, Version 2021.10  Build 20230619 (id: c2e19c2f3e)
[0] MPI startup(): Copyright (C) 2003-2023 Intel Corporation.  All rights reserved.
[0] MPI startup(): library kind: release
[0] MPI startup(): libfabric version: 1.18.0-impi
[0] MPI startup(): libfabric provider: mlx
[0] MPI startup(): File "/opt/software/easybuild-INTEL/software/impi/2021.10.0-intel-compilers-2023.2.1/mpi/2021.10.0/etc/tuning_spr_shm-ofi_mlx_200.dat" not found
[0] MPI startup(): Load tuning file: "/opt/software/easybuild-INTEL/software/impi/2021.10.0-intel-compilers-2023.2.1/mpi/2021.10.0/etc/tuning_spr_shm-ofi.dat"
[0] MPI startup(): Rank    Pid      Node name  Pin cpu
[0] MPI startup(): 0       2925176  node184    {36,37,38,39,40,41,42,43,44,45,46,47}
[0] MPI startup(): 1       2925177  node184    {0,1,2,3,4,5,6,7,8,9,10,11}
[0] MPI startup(): 2       2925178  node184    {12,13,14,15,16,17,18,19,20,21,22,23}
[0] MPI startup(): 3       2925179  node184    {24,25,26,27,28,29,30,31,32,33,34,35}
[0] MPI startup(): I_MPI_ROOT=/opt/software/easybuild-INTEL/software/impi/2021.10.0-intel-compilers-2023.2.1/mpi/2021.10.0
[0] MPI startup(): I_MPI_MPIRUN=mpirun
[0] MPI startup(): I_MPI_BIND_WIN_ALLOCATE=localalloc
[0] MPI startup(): I_MPI_HYDRA_BOOTSTRAP_EXEC_EXTRA_ARGS=--external-launcher
[0] MPI startup(): I_MPI_HYDRA_TOPOLIB=hwloc
[0] MPI startup(): I_MPI_HYDRA_BOOTSTRAP=slurm
[0] MPI startup(): I_MPI_RETURN_WIN_MEM_NUMA=3
[0] MPI startup(): I_MPI_PIN=on
[0] MPI startup(): I_MPI_PIN_CELL=unit
[0] MPI startup(): I_MPI_PIN_RESPECT_CPUSET=on
[0] MPI startup(): I_MPI_PIN_RESPECT_HCA=on
[0] MPI startup(): I_MPI_PIN_DOMAIN=omp
[0] MPI startup(): I_MPI_PIN_ORDER=compact
[0] MPI startup(): I_MPI_INTERNAL_MEM_POLICY=default
[0] MPI startup(): I_MPI_DEBUG=5
Master: Image saved to output.ppm

--- Computational Performance Metrics ---
Image Size: 1024, Num Snowmen: 4, MPI Processes: 4
Max Local Computation Time (across all ranks): 20.3241 seconds
Min Local Computation Time (across all ranks): 0 seconds
Avg Local Computation Time (across all ranks): 14.8737 seconds

--- Per-Rank Computation Time ---
Rank 0: 0 seconds
Rank 1: 19.6043 seconds
Rank 2: 20.3241 seconds
Rank 3: 19.5663 seconds


==========================================
Configuration: 6 Processes × 12 Threads (Total: 72 cores)
==========================================
Running 6 Processes × 12 Threads...
[0] MPI startup(): Intel(R) MPI Library, Version 2021.10  Build 20230619 (id: c2e19c2f3e)
[0] MPI startup(): Copyright (C) 2003-2023 Intel Corporation.  All rights reserved.
[0] MPI startup(): library kind: release
[0] MPI startup(): libfabric version: 1.18.0-impi
[0] MPI startup(): libfabric provider: mlx
[0] MPI startup(): File "/opt/software/easybuild-INTEL/software/impi/2021.10.0-intel-compilers-2023.2.1/mpi/2021.10.0/etc/tuning_spr_shm-ofi_mlx_200.dat" not found
[0] MPI startup(): Load tuning file: "/opt/software/easybuild-INTEL/software/impi/2021.10.0-intel-compilers-2023.2.1/mpi/2021.10.0/etc/tuning_spr_shm-ofi.dat"
[0] MPI startup(): Rank    Pid      Node name  Pin cpu
[0] MPI startup(): 0       2925456  node184    {36,37,38,39,40,41,42,43,44,45,46,47}
[0] MPI startup(): 1       2925457  node184    {0,1,2,3,4,5,6,7,8,9,10,11}
[0] MPI startup(): 2       2925458  node184    {12,13,14,15,16,17,18,19,20,21,22,23}
[0] MPI startup(): 3       2925459  node184    {24,25,26,27,28,29,30,31,32,33,34,35}
[0] MPI startup(): 4       2925460  node184    {48,49,50,51,52,53,54,55,56,57,58,59}
[0] MPI startup(): 5       2925461  node184    {60,61,62,63,64,65,66,67,68,69,70,71}
[0] MPI startup(): I_MPI_ROOT=/opt/software/easybuild-INTEL/software/impi/2021.10.0-intel-compilers-2023.2.1/mpi/2021.10.0
[0] MPI startup(): I_MPI_MPIRUN=mpirun
[0] MPI startup(): I_MPI_BIND_WIN_ALLOCATE=localalloc
[0] MPI startup(): I_MPI_HYDRA_BOOTSTRAP_EXEC_EXTRA_ARGS=--external-launcher
[0] MPI startup(): I_MPI_HYDRA_TOPOLIB=hwloc
[0] MPI startup(): I_MPI_HYDRA_BOOTSTRAP=slurm
[0] MPI startup(): I_MPI_RETURN_WIN_MEM_NUMA=3
[0] MPI startup(): I_MPI_PIN=on
[0] MPI startup(): I_MPI_PIN_CELL=unit
[0] MPI startup(): I_MPI_PIN_RESPECT_CPUSET=on
[0] MPI startup(): I_MPI_PIN_RESPECT_HCA=on
[0] MPI startup(): I_MPI_PIN_DOMAIN=omp
[0] MPI startup(): I_MPI_PIN_ORDER=compact
[0] MPI startup(): I_MPI_INTERNAL_MEM_POLICY=default
[0] MPI startup(): I_MPI_DEBUG=5
Master: Image saved to output.ppm

--- Computational Performance Metrics ---
Image Size: 1024, Num Snowmen: 4, MPI Processes: 6
Max Local Computation Time (across all ranks): 12.09 seconds
Min Local Computation Time (across all ranks): 0 seconds
Avg Local Computation Time (across all ranks): 9.92732 seconds

--- Per-Rank Computation Time ---
Rank 0: 0 seconds
Rank 1: 12.0777 seconds
Rank 2: 12.0587 seconds
Rank 3: 12.0871 seconds
Rank 4: 11.2503 seconds
Rank 5: 12.09 seconds


==========================================
Configuration: 8 Processes × 12 Threads (Total: 96 cores)
==========================================
Running 8 Processes × 12 Threads...
[0] MPI startup(): Intel(R) MPI Library, Version 2021.10  Build 20230619 (id: c2e19c2f3e)
[0] MPI startup(): Copyright (C) 2003-2023 Intel Corporation.  All rights reserved.
[0] MPI startup(): library kind: release
[0] MPI startup(): libfabric version: 1.18.0-impi
[0] MPI startup(): libfabric provider: mlx
[0] MPI startup(): File "/opt/software/easybuild-INTEL/software/impi/2021.10.0-intel-compilers-2023.2.1/mpi/2021.10.0/etc/tuning_spr_shm-ofi_mlx_200.dat" not found
[0] MPI startup(): Load tuning file: "/opt/software/easybuild-INTEL/software/impi/2021.10.0-intel-compilers-2023.2.1/mpi/2021.10.0/etc/tuning_spr_shm-ofi.dat"
[0] MPI startup(): Rank    Pid      Node name  Pin cpu
[0] MPI startup(): 0       2925757  node184    {36,37,38,39,40,41,42,43,44,45,46,47}
[0] MPI startup(): 1       2925758  node184    {0,1,2,3,4,5,6,7,8,9,10,11}
[0] MPI startup(): 2       2925759  node184    {12,13,14,15,16,17,18,19,20,21,22,23}
[0] MPI startup(): 3       2925760  node184    {24,25,26,27,28,29,30,31,32,33,34,35}
[0] MPI startup(): 4       2925761  node184    {48,49,50,51,52,53,54,55,56,57,58,59}
[0] MPI startup(): 5       2925762  node184    {60,61,62,63,64,65,66,67,68,69,70,71}
[0] MPI startup(): 6       2925763  node184    {72,73,74,75,76,77,78,79,80,81,82,83}
[0] MPI startup(): 7       2925764  node184    {84,85,86,87,88,89,90,91,92,93,94,95}
[0] MPI startup(): I_MPI_ROOT=/opt/software/easybuild-INTEL/software/impi/2021.10.0-intel-compilers-2023.2.1/mpi/2021.10.0
[0] MPI startup(): I_MPI_MPIRUN=mpirun
[0] MPI startup(): I_MPI_BIND_WIN_ALLOCATE=localalloc
[0] MPI startup(): I_MPI_HYDRA_BOOTSTRAP_EXEC_EXTRA_ARGS=--external-launcher
[0] MPI startup(): I_MPI_HYDRA_TOPOLIB=hwloc
[0] MPI startup(): I_MPI_HYDRA_BOOTSTRAP=slurm
[0] MPI startup(): I_MPI_RETURN_WIN_MEM_NUMA=3
[0] MPI startup(): I_MPI_PIN=on
[0] MPI startup(): I_MPI_PIN_CELL=unit
[0] MPI startup(): I_MPI_PIN_RESPECT_CPUSET=on
[0] MPI startup(): I_MPI_PIN_RESPECT_HCA=on
[0] MPI startup(): I_MPI_PIN_DOMAIN=omp
[0] MPI startup(): I_MPI_PIN_ORDER=compact
[0] MPI startup(): I_MPI_INTERNAL_MEM_POLICY=default
[0] MPI startup(): I_MPI_DEBUG=5
Master: Image saved to output.ppm

--- Computational Performance Metrics ---
Image Size: 1024, Num Snowmen: 4, MPI Processes: 8
Max Local Computation Time (across all ranks): 9.2436 seconds
Min Local Computation Time (across all ranks): 0 seconds
Avg Local Computation Time (across all ranks): 7.66948 seconds

--- Per-Rank Computation Time ---
Rank 0: 0 seconds
Rank 1: 8.35947 seconds
Rank 2: 8.34816 seconds
Rank 3: 9.2436 seconds
Rank 4: 8.75643 seconds
Rank 5: 8.76775 seconds
Rank 6: 8.94417 seconds
Rank 7: 8.93628 seconds


=== 8 Fixed Threads, Scaling Processes (Tile 128x128) ===

==========================================
Configuration: 4 Processes × 8 Threads (Total: 32 cores)
==========================================
Running 4 Processes × 8 Threads...
[0] MPI startup(): Intel(R) MPI Library, Version 2021.10  Build 20230619 (id: c2e19c2f3e)
[0] MPI startup(): Copyright (C) 2003-2023 Intel Corporation.  All rights reserved.
[0] MPI startup(): library kind: release
[0] MPI startup(): libfabric version: 1.18.0-impi
[0] MPI startup(): libfabric provider: mlx
[0] MPI startup(): File "/opt/software/easybuild-INTEL/software/impi/2021.10.0-intel-compilers-2023.2.1/mpi/2021.10.0/etc/tuning_spr_shm-ofi_mlx_200.dat" not found
[0] MPI startup(): Load tuning file: "/opt/software/easybuild-INTEL/software/impi/2021.10.0-intel-compilers-2023.2.1/mpi/2021.10.0/etc/tuning_spr_shm-ofi.dat"
[0] MPI startup(): Rank    Pid      Node name  Pin cpu
[0] MPI startup(): 0       2926072  node184    {36,37,38,39,40,41,42,43}
[0] MPI startup(): 1       2926073  node184    {0,1,2,3,44,45,46,47}
[0] MPI startup(): 2       2926074  node184    {4,5,6,7,8,9,10,11}
[0] MPI startup(): 3       2926075  node184    {12,13,14,15,16,17,18,19}
[0] MPI startup(): I_MPI_ROOT=/opt/software/easybuild-INTEL/software/impi/2021.10.0-intel-compilers-2023.2.1/mpi/2021.10.0
[0] MPI startup(): I_MPI_MPIRUN=mpirun
[0] MPI startup(): I_MPI_BIND_WIN_ALLOCATE=localalloc
[0] MPI startup(): I_MPI_HYDRA_BOOTSTRAP_EXEC_EXTRA_ARGS=--external-launcher
[0] MPI startup(): I_MPI_HYDRA_TOPOLIB=hwloc
[0] MPI startup(): I_MPI_HYDRA_BOOTSTRAP=slurm
[0] MPI startup(): I_MPI_RETURN_WIN_MEM_NUMA=3
[0] MPI startup(): I_MPI_PIN=on
[0] MPI startup(): I_MPI_PIN_CELL=unit
[0] MPI startup(): I_MPI_PIN_RESPECT_CPUSET=on
[0] MPI startup(): I_MPI_PIN_RESPECT_HCA=on
[0] MPI startup(): I_MPI_PIN_DOMAIN=omp
[0] MPI startup(): I_MPI_PIN_ORDER=compact
[0] MPI startup(): I_MPI_INTERNAL_MEM_POLICY=default
[0] MPI startup(): I_MPI_DEBUG=5
Master: Image saved to output.ppm

--- Computational Performance Metrics ---
Image Size: 1024, Num Snowmen: 4, MPI Processes: 4
Max Local Computation Time (across all ranks): 29.7288 seconds
Min Local Computation Time (across all ranks): 0 seconds
Avg Local Computation Time (across all ranks): 21.7507 seconds

--- Per-Rank Computation Time ---
Rank 0: 0 seconds
Rank 1: 29.7288 seconds
Rank 2: 28.6522 seconds
Rank 3: 28.6219 seconds


==========================================
Configuration: 8 Processes × 8 Threads (Total: 64 cores)
==========================================
Running 8 Processes × 8 Threads...
[0] MPI startup(): Intel(R) MPI Library, Version 2021.10  Build 20230619 (id: c2e19c2f3e)
[0] MPI startup(): Copyright (C) 2003-2023 Intel Corporation.  All rights reserved.
[0] MPI startup(): library kind: release
[0] MPI startup(): libfabric version: 1.18.0-impi
[0] MPI startup(): libfabric provider: mlx
[0] MPI startup(): File "/opt/software/easybuild-INTEL/software/impi/2021.10.0-intel-compilers-2023.2.1/mpi/2021.10.0/etc/tuning_spr_shm-ofi_mlx_200.dat" not found
[0] MPI startup(): Load tuning file: "/opt/software/easybuild-INTEL/software/impi/2021.10.0-intel-compilers-2023.2.1/mpi/2021.10.0/etc/tuning_spr_shm-ofi.dat"
[0] MPI startup(): Rank    Pid      Node name  Pin cpu
[0] MPI startup(): 0       2926344  node184    {36,37,38,39,40,41,42,43}
[0] MPI startup(): 1       2926345  node184    {0,1,2,3,44,45,46,47}
[0] MPI startup(): 2       2926346  node184    {4,5,6,7,8,9,10,11}
[0] MPI startup(): 3       2926347  node184    {12,13,14,15,16,17,18,19}
[0] MPI startup(): 4       2926348  node184    {20,21,22,23,24,25,26,27}
[0] MPI startup(): 5       2926349  node184    {28,29,30,31,32,33,34,35}
[0] MPI startup(): 6       2926350  node184    {48,49,50,51,52,53,54,55}
[0] MPI startup(): 7       2926351  node184    {56,57,58,59,60,61,62,63}
[0] MPI startup(): I_MPI_ROOT=/opt/software/easybuild-INTEL/software/impi/2021.10.0-intel-compilers-2023.2.1/mpi/2021.10.0
[0] MPI startup(): I_MPI_MPIRUN=mpirun
[0] MPI startup(): I_MPI_BIND_WIN_ALLOCATE=localalloc
[0] MPI startup(): I_MPI_HYDRA_BOOTSTRAP_EXEC_EXTRA_ARGS=--external-launcher
[0] MPI startup(): I_MPI_HYDRA_TOPOLIB=hwloc
[0] MPI startup(): I_MPI_HYDRA_BOOTSTRAP=slurm
[0] MPI startup(): I_MPI_RETURN_WIN_MEM_NUMA=3
[0] MPI startup(): I_MPI_PIN=on
[0] MPI startup(): I_MPI_PIN_CELL=unit
[0] MPI startup(): I_MPI_PIN_RESPECT_CPUSET=on
[0] MPI startup(): I_MPI_PIN_RESPECT_HCA=on
[0] MPI startup(): I_MPI_PIN_DOMAIN=omp
[0] MPI startup(): I_MPI_PIN_ORDER=compact
[0] MPI startup(): I_MPI_INTERNAL_MEM_POLICY=default
[0] MPI startup(): I_MPI_DEBUG=5
Master: Image saved to output.ppm

--- Computational Performance Metrics ---
Image Size: 1024, Num Snowmen: 4, MPI Processes: 8
Max Local Computation Time (across all ranks): 13.4118 seconds
Min Local Computation Time (across all ranks): 0 seconds
Avg Local Computation Time (across all ranks): 10.9226 seconds

--- Per-Rank Computation Time ---
Rank 0: 0 seconds
Rank 1: 12.4823 seconds
Rank 2: 12.2558 seconds
Rank 3: 12.3364 seconds
Rank 4: 12.4539 seconds
Rank 5: 12.267 seconds
Rank 6: 13.4118 seconds
Rank 7: 12.1736 seconds


==========================================
Configuration: 12 Processes × 8 Threads (Total: 96 cores)
==========================================
Running 12 Processes × 8 Threads...
[0] MPI startup(): Intel(R) MPI Library, Version 2021.10  Build 20230619 (id: c2e19c2f3e)
[0] MPI startup(): Copyright (C) 2003-2023 Intel Corporation.  All rights reserved.
[0] MPI startup(): library kind: release
[0] MPI startup(): libfabric version: 1.18.0-impi
[0] MPI startup(): libfabric provider: mlx
[0] MPI startup(): File "/opt/software/easybuild-INTEL/software/impi/2021.10.0-intel-compilers-2023.2.1/mpi/2021.10.0/etc/tuning_spr_shm-ofi_mlx_200.dat" not found
[0] MPI startup(): Load tuning file: "/opt/software/easybuild-INTEL/software/impi/2021.10.0-intel-compilers-2023.2.1/mpi/2021.10.0/etc/tuning_spr_shm-ofi.dat"
[0] MPI startup(): Rank    Pid      Node name  Pin cpu
[0] MPI startup(): 0       2926647  node184    {36,37,38,39,40,41,42,43}
[0] MPI startup(): 1       2926648  node184    {0,1,2,3,44,45,46,47}
[0] MPI startup(): 2       2926649  node184    {4,5,6,7,8,9,10,11}
[0] MPI startup(): 3       2926650  node184    {12,13,14,15,16,17,18,19}
[0] MPI startup(): 4       2926651  node184    {20,21,22,23,24,25,26,27}
[0] MPI startup(): 5       2926652  node184    {28,29,30,31,32,33,34,35}
[0] MPI startup(): 6       2926653  node184    {48,49,50,51,52,53,54,55}
[0] MPI startup(): 7       2926654  node184    {56,57,58,59,60,61,62,63}
[0] MPI startup(): 8       2926655  node184    {64,65,66,67,68,69,70,71}
[0] MPI startup(): 9       2926656  node184    {72,73,74,75,76,77,78,79}
[0] MPI startup(): 10      2926657  node184    {80,81,82,83,84,85,86,87}
[0] MPI startup(): 11      2926658  node184    {88,89,90,91,92,93,94,95}
[0] MPI startup(): I_MPI_ROOT=/opt/software/easybuild-INTEL/software/impi/2021.10.0-intel-compilers-2023.2.1/mpi/2021.10.0
[0] MPI startup(): I_MPI_MPIRUN=mpirun
[0] MPI startup(): I_MPI_BIND_WIN_ALLOCATE=localalloc
[0] MPI startup(): I_MPI_HYDRA_BOOTSTRAP_EXEC_EXTRA_ARGS=--external-launcher
[0] MPI startup(): I_MPI_HYDRA_TOPOLIB=hwloc
[0] MPI startup(): I_MPI_HYDRA_BOOTSTRAP=slurm
[0] MPI startup(): I_MPI_RETURN_WIN_MEM_NUMA=3
[0] MPI startup(): I_MPI_PIN=on
[0] MPI startup(): I_MPI_PIN_CELL=unit
[0] MPI startup(): I_MPI_PIN_RESPECT_CPUSET=on
[0] MPI startup(): I_MPI_PIN_RESPECT_HCA=on
[0] MPI startup(): I_MPI_PIN_DOMAIN=omp
[0] MPI startup(): I_MPI_PIN_ORDER=compact
[0] MPI startup(): I_MPI_INTERNAL_MEM_POLICY=default
[0] MPI startup(): I_MPI_DEBUG=5
Master: Image saved to output.ppm

--- Computational Performance Metrics ---
Image Size: 1024, Num Snowmen: 4, MPI Processes: 12
Max Local Computation Time (across all ranks): 8.46983 seconds
Min Local Computation Time (across all ranks): 0 seconds
Avg Local Computation Time (across all ranks): 7.41128 seconds

--- Per-Rank Computation Time ---
Rank 0: 0 seconds
Rank 1: 8.15063 seconds
Rank 2: 8.29698 seconds
Rank 3: 8.11944 seconds
Rank 4: 8.16732 seconds
Rank 5: 8.15164 seconds
Rank 6: 7.1737 seconds
Rank 7: 8.32008 seconds
Rank 8: 8.46983 seconds
Rank 9: 7.35512 seconds
Rank 10: 8.26455 seconds
Rank 11: 8.46611 seconds


======================================================================
Hybrid scaling tests completed.
Tested all combinations of:
  Tile sizes: 64, 128
  Configuration 1: 12 Fixed Threads, Processes: 4/6/8 (up to 96 cores)
  Configuration 2: 8 Fixed Threads, Processes: 4/8/12 (up to 96 cores)
======================================================================
